<?xml version="1.0" encoding="UTF-8"?>
<testsuites>
  <testsuite name="" tests="87" assertions="312" errors="0" warnings="0" failures="0" skipped="0" time="2.147511">
    <testsuite name="Project Test Suite" tests="87" assertions="312" errors="0" warnings="0" failures="0" skipped="0" time="2.147511">
      <testsuite name="App\Adventure\ClosetTest" file="/home/sf/dbwebb-kurser/mvc/me/report/tests/Adventure/ClosetTest.php" tests="7" assertions="15" errors="0" warnings="0" failures="0" skipped="0" time="0.021578">
        <testcase name="testCreateClosetWithParameter" class="App\Adventure\ClosetTest" classname="App.Adventure.ClosetTest" file="/home/sf/dbwebb-kurser/mvc/me/report/tests/Adventure/ClosetTest.php" line="15" assertions="1" time="0.013639"/>
        <testcase name="testCreateClosetWithoutParameter" class="App\Adventure\ClosetTest" classname="App.Adventure.ClosetTest" file="/home/sf/dbwebb-kurser/mvc/me/report/tests/Adventure/ClosetTest.php" line="27" assertions="1" time="0.000534"/>
        <testcase name="testUnlockClosetWithRightKey" class="App\Adventure\ClosetTest" classname="App.Adventure.ClosetTest" file="/home/sf/dbwebb-kurser/mvc/me/report/tests/Adventure/ClosetTest.php" line="39" assertions="3" time="0.002558"/>
        <testcase name="testUnlockClosetWithWrongKey" class="App\Adventure\ClosetTest" classname="App.Adventure.ClosetTest" file="/home/sf/dbwebb-kurser/mvc/me/report/tests/Adventure/ClosetTest.php" line="60" assertions="3" time="0.001602"/>
        <testcase name="testAddAndGetThingCloset" class="App\Adventure\ClosetTest" classname="App.Adventure.ClosetTest" file="/home/sf/dbwebb-kurser/mvc/me/report/tests/Adventure/ClosetTest.php" line="81" assertions="1" time="0.002004"/>
        <testcase name="testRemoveThingsFromCloset" class="App\Adventure\ClosetTest" classname="App.Adventure.ClosetTest" file="/home/sf/dbwebb-kurser/mvc/me/report/tests/Adventure/ClosetTest.php" line="98" assertions="3" time="0.000657"/>
        <testcase name="testIdCloset" class="App\Adventure\ClosetTest" classname="App.Adventure.ClosetTest" file="/home/sf/dbwebb-kurser/mvc/me/report/tests/Adventure/ClosetTest.php" line="128" assertions="3" time="0.000586"/>
      </testsuite>
      <testsuite name="App\Adventure\GameTest" file="/home/sf/dbwebb-kurser/mvc/me/report/tests/Adventure/GameTest.php" tests="1" assertions="3" errors="0" warnings="0" failures="0" skipped="0" time="0.005458">
        <testcase name="testCreateGame" class="App\Adventure\GameTest" classname="App.Adventure.GameTest" file="/home/sf/dbwebb-kurser/mvc/me/report/tests/Adventure/GameTest.php" line="15" assertions="3" time="0.005458"/>
      </testsuite>
      <testsuite name="App\Adventure\KeyTest" file="/home/sf/dbwebb-kurser/mvc/me/report/tests/Adventure/KeyTest.php" tests="1" assertions="4" errors="0" warnings="0" failures="0" skipped="0" time="0.003107">
        <testcase name="testKey" class="App\Adventure\KeyTest" classname="App.Adventure.KeyTest" file="/home/sf/dbwebb-kurser/mvc/me/report/tests/Adventure/KeyTest.php" line="16" assertions="4" time="0.003107"/>
      </testsuite>
      <testsuite name="App\Adventure\LaundryTest" file="/home/sf/dbwebb-kurser/mvc/me/report/tests/Adventure/LaundryTest.php" tests="1" assertions="4" errors="0" warnings="0" failures="0" skipped="0" time="0.000673">
        <testcase name="testLaundry" class="App\Adventure\LaundryTest" classname="App.Adventure.LaundryTest" file="/home/sf/dbwebb-kurser/mvc/me/report/tests/Adventure/LaundryTest.php" line="15" assertions="4" time="0.000673"/>
      </testsuite>
      <testsuite name="App\Adventure\PlayerTest" file="/home/sf/dbwebb-kurser/mvc/me/report/tests/Adventure/PlayerTest.php" tests="7" assertions="25" errors="0" warnings="0" failures="0" skipped="0" time="0.007875">
        <testcase name="testCreatePlayer" class="App\Adventure\PlayerTest" classname="App.Adventure.PlayerTest" file="/home/sf/dbwebb-kurser/mvc/me/report/tests/Adventure/PlayerTest.php" line="15" assertions="2" time="0.000565"/>
        <testcase name="testBasketPlayer" class="App\Adventure\PlayerTest" classname="App.Adventure.PlayerTest" file="/home/sf/dbwebb-kurser/mvc/me/report/tests/Adventure/PlayerTest.php" line="33" assertions="5" time="0.003008"/>
        <testcase name="testPocketPlayer" class="App\Adventure\PlayerTest" classname="App.Adventure.PlayerTest" file="/home/sf/dbwebb-kurser/mvc/me/report/tests/Adventure/PlayerTest.php" line="67" assertions="1" time="0.000880"/>
        <testcase name="testunlockClosetByPlayer" class="App\Adventure\PlayerTest" classname="App.Adventure.PlayerTest" file="/home/sf/dbwebb-kurser/mvc/me/report/tests/Adventure/PlayerTest.php" line="87" assertions="3" time="0.000818"/>
        <testcase name="testMovePlayer" class="App\Adventure\PlayerTest" classname="App.Adventure.PlayerTest" file="/home/sf/dbwebb-kurser/mvc/me/report/tests/Adventure/PlayerTest.php" line="130" assertions="4" time="0.000645"/>
        <testcase name="testCollectThingFromRoomByPlayer" class="App\Adventure\PlayerTest" classname="App.Adventure.PlayerTest" file="/home/sf/dbwebb-kurser/mvc/me/report/tests/Adventure/PlayerTest.php" line="167" assertions="5" time="0.000751"/>
        <testcase name="testCollectThingFromClosetByPlayer" class="App\Adventure\PlayerTest" classname="App.Adventure.PlayerTest" file="/home/sf/dbwebb-kurser/mvc/me/report/tests/Adventure/PlayerTest.php" line="194" assertions="5" time="0.001208"/>
      </testsuite>
      <testsuite name="App\Adventure\RoomTest" file="/home/sf/dbwebb-kurser/mvc/me/report/tests/Adventure/RoomTest.php" tests="7" assertions="17" errors="0" warnings="0" failures="0" skipped="0" time="0.005515">
        <testcase name="testCreateRoom" class="App\Adventure\RoomTest" classname="App.Adventure.RoomTest" file="/home/sf/dbwebb-kurser/mvc/me/report/tests/Adventure/RoomTest.php" line="15" assertions="2" time="0.000605"/>
        <testcase name="testAddAndGetThingRoom" class="App\Adventure\RoomTest" classname="App.Adventure.RoomTest" file="/home/sf/dbwebb-kurser/mvc/me/report/tests/Adventure/RoomTest.php" line="31" assertions="1" time="0.000556"/>
        <testcase name="testRemoveThingsFromRoom" class="App\Adventure\RoomTest" classname="App.Adventure.RoomTest" file="/home/sf/dbwebb-kurser/mvc/me/report/tests/Adventure/RoomTest.php" line="51" assertions="3" time="0.000622"/>
        <testcase name="testGetClosetFromRoom" class="App\Adventure\RoomTest" classname="App.Adventure.RoomTest" file="/home/sf/dbwebb-kurser/mvc/me/report/tests/Adventure/RoomTest.php" line="74" assertions="3" time="0.000645"/>
        <testcase name="testsetAndGetDoorToRoom" class="App\Adventure\RoomTest" classname="App.Adventure.RoomTest" file="/home/sf/dbwebb-kurser/mvc/me/report/tests/Adventure/RoomTest.php" line="96" assertions="2" time="0.000747"/>
        <testcase name="testIdRoom" class="App\Adventure\RoomTest" classname="App.Adventure.RoomTest" file="/home/sf/dbwebb-kurser/mvc/me/report/tests/Adventure/RoomTest.php" line="114" assertions="4" time="0.001779"/>
        <testcase name="testInfoAndImageRoom" class="App\Adventure\RoomTest" classname="App.Adventure.RoomTest" file="/home/sf/dbwebb-kurser/mvc/me/report/tests/Adventure/RoomTest.php" line="146" assertions="2" time="0.000561"/>
      </testsuite>
      <testsuite name="App\Card\BettingTest" file="/home/sf/dbwebb-kurser/mvc/me/report/tests/Card/BettingTest.php" tests="4" assertions="11" errors="0" warnings="0" failures="0" skipped="0" time="0.021054">
        <testcase name="testBettingCreateAndCheckParameters" class="App\Card\BettingTest" classname="App.Card.BettingTest" file="/home/sf/dbwebb-kurser/mvc/me/report/tests/Card/BettingTest.php" line="17" assertions="3" time="0.005934"/>
        <testcase name="testBettingOKBet" class="App\Card\BettingTest" classname="App.Card.BettingTest" file="/home/sf/dbwebb-kurser/mvc/me/report/tests/Card/BettingTest.php" line="31" assertions="1" time="0.000758"/>
        <testcase name="testBettingSaveToSession" class="App\Card\BettingTest" classname="App.Card.BettingTest" file="/home/sf/dbwebb-kurser/mvc/me/report/tests/Card/BettingTest.php" line="47" assertions="1" time="0.013611"/>
        <testcase name="testBettingClearBet" class="App\Card\BettingTest" classname="App.Card.BettingTest" file="/home/sf/dbwebb-kurser/mvc/me/report/tests/Card/BettingTest.php" line="65" assertions="6" time="0.000752"/>
      </testsuite>
      <testsuite name="App\Card\CardTest" file="/home/sf/dbwebb-kurser/mvc/me/report/tests/Card/CardTest.php" tests="2" assertions="4" errors="0" warnings="0" failures="0" skipped="0" time="0.001851">
        <testcase name="testCreateObjectWithArguments" class="App\Card\CardTest" classname="App.Card.CardTest" file="/home/sf/dbwebb-kurser/mvc/me/report/tests/Card/CardTest.php" line="15" assertions="3" time="0.001279"/>
        <testcase name="testGetAsString" class="App\Card\CardTest" classname="App.Card.CardTest" file="/home/sf/dbwebb-kurser/mvc/me/report/tests/Card/CardTest.php" line="31" assertions="1" time="0.000572"/>
      </testsuite>
      <testsuite name="App\Card\DeckOfCardsTestTest" file="/home/sf/dbwebb-kurser/mvc/me/report/tests/Card/DeckOfCardsTest.php" tests="6" assertions="86" errors="0" warnings="0" failures="0" skipped="0" time="0.022894">
        <testcase name="testCreateObject" class="App\Card\DeckOfCardsTestTest" classname="App.Card.DeckOfCardsTestTest" file="/home/sf/dbwebb-kurser/mvc/me/report/tests/Card/DeckOfCardsTest.php" line="16" assertions="53" time="0.002894"/>
        <testcase name="testGetDeck" class="App\Card\DeckOfCardsTestTest" classname="App.Card.DeckOfCardsTestTest" file="/home/sf/dbwebb-kurser/mvc/me/report/tests/Card/DeckOfCardsTest.php" line="30" assertions="1" time="0.001102"/>
        <testcase name="testGetShuffledDeck" class="App\Card\DeckOfCardsTestTest" classname="App.Card.DeckOfCardsTestTest" file="/home/sf/dbwebb-kurser/mvc/me/report/tests/Card/DeckOfCardsTest.php" line="43" assertions="3" time="0.015154"/>
        <testcase name="testDrawCardReturnsCardAndCountDecrease" class="App\Card\DeckOfCardsTestTest" classname="App.Card.DeckOfCardsTestTest" file="/home/sf/dbwebb-kurser/mvc/me/report/tests/Card/DeckOfCardsTest.php" line="63" assertions="2" time="0.000921"/>
        <testcase name="testDrawCardEmptyDeck" class="App\Card\DeckOfCardsTestTest" classname="App.Card.DeckOfCardsTestTest" file="/home/sf/dbwebb-kurser/mvc/me/report/tests/Card/DeckOfCardsTest.php" line="81" assertions="1" time="0.000819"/>
        <testcase name="testGetNumberOfCardsNewDeck" class="App\Card\DeckOfCardsTestTest" classname="App.Card.DeckOfCardsTestTest" file="/home/sf/dbwebb-kurser/mvc/me/report/tests/Card/DeckOfCardsTest.php" line="98" assertions="26" time="0.002004"/>
      </testsuite>
      <testsuite name="App\Card\DeckWithJokersTest" file="/home/sf/dbwebb-kurser/mvc/me/report/tests/Card/DeckWithJokersTest.php" tests="1" assertions="2" errors="0" warnings="0" failures="0" skipped="0" time="0.001915">
        <testcase name="testDeckWithJokersCreate" class="App\Card\DeckWithJokersTest" classname="App.Card.DeckWithJokersTest" file="/home/sf/dbwebb-kurser/mvc/me/report/tests/Card/DeckWithJokersTest.php" line="15" assertions="2" time="0.001915"/>
      </testsuite>
      <testsuite name="App\Card\Game21GameOverTest" file="/home/sf/dbwebb-kurser/mvc/me/report/tests/Card/Game21GameOverTest.php" tests="7" assertions="17" errors="0" warnings="0" failures="0" skipped="0" time="0.062568">
        <testcase name="testGame21GameOverGenericWin" class="App\Card\Game21GameOverTest" classname="App.Card.Game21GameOverTest" file="/home/sf/dbwebb-kurser/mvc/me/report/tests/Card/Game21GameOverTest.php" line="38" assertions="4" time="0.047624"/>
        <testcase name="testGame21GameOverDumbWinBankHasHigherPoints" class="App\Card\Game21GameOverTest" classname="App.Card.Game21GameOverTest" file="/home/sf/dbwebb-kurser/mvc/me/report/tests/Card/Game21GameOverTest.php" line="99" assertions="2" time="0.002465"/>
        <testcase name="testGame21GameOverDumbWinPlayerHasHigherPoints" class="App\Card\Game21GameOverTest" classname="App.Card.Game21GameOverTest" file="/home/sf/dbwebb-kurser/mvc/me/report/tests/Card/Game21GameOverTest.php" line="132" assertions="2" time="0.002087"/>
        <testcase name="testGame21GameOverDumbWinDraw" class="App\Card\Game21GameOverTest" classname="App.Card.Game21GameOverTest" file="/home/sf/dbwebb-kurser/mvc/me/report/tests/Card/Game21GameOverTest.php" line="173" assertions="2" time="0.002229"/>
        <testcase name="testGame21GameOverDumbWinBankHasHigherPointsOrDraw" class="App\Card\Game21GameOverTest" classname="App.Card.Game21GameOverTest" file="/home/sf/dbwebb-kurser/mvc/me/report/tests/Card/Game21GameOverTest.php" line="214" assertions="2" time="0.004122"/>
        <testcase name="testGame21GameOverSmartWinRiskTooHigh" class="App\Card\Game21GameOverTest" classname="App.Card.Game21GameOverTest" file="/home/sf/dbwebb-kurser/mvc/me/report/tests/Card/Game21GameOverTest.php" line="247" assertions="2" time="0.002133"/>
        <testcase name="testGame21GameOverItsNotOver" class="App\Card\Game21GameOverTest" classname="App.Card.Game21GameOverTest" file="/home/sf/dbwebb-kurser/mvc/me/report/tests/Card/Game21GameOverTest.php" line="292" assertions="3" time="0.001907"/>
      </testsuite>
      <testsuite name="App\Card\Game21Test" file="/home/sf/dbwebb-kurser/mvc/me/report/tests/Card/Game21Test.php" tests="8" assertions="24" errors="0" warnings="0" failures="0" skipped="0" time="0.008378">
        <testcase name="testGame21Construct" class="App\Card\Game21Test" classname="App.Card.Game21Test" file="/home/sf/dbwebb-kurser/mvc/me/report/tests/Card/Game21Test.php" line="43" assertions="2" time="0.000927"/>
        <testcase name="testGame21SaveToSession" class="App\Card\Game21Test" classname="App.Card.Game21Test" file="/home/sf/dbwebb-kurser/mvc/me/report/tests/Card/Game21Test.php" line="58" assertions="1" time="0.000846"/>
        <testcase name="testGame21GetNewCard" class="App\Card\Game21Test" classname="App.Card.Game21Test" file="/home/sf/dbwebb-kurser/mvc/me/report/tests/Card/Game21Test.php" line="74" assertions="8" time="0.000970"/>
        <testcase name="testGame21GetNewCardWhenDeckIsEmpty" class="App\Card\Game21Test" classname="App.Card.Game21Test" file="/home/sf/dbwebb-kurser/mvc/me/report/tests/Card/Game21Test.php" line="102" assertions="1" time="0.000948"/>
        <testcase name="testGame21GetNewCardAndNowWithAnAce" class="App\Card\Game21Test" classname="App.Card.Game21Test" file="/home/sf/dbwebb-kurser/mvc/me/report/tests/Card/Game21Test.php" line="133" assertions="8" time="0.001123"/>
        <testcase name="testGame21CardsAsArray" class="App\Card\Game21Test" classname="App.Card.Game21Test" file="/home/sf/dbwebb-kurser/mvc/me/report/tests/Card/Game21Test.php" line="162" assertions="2" time="0.001709"/>
        <testcase name="testGame21GetFatProbabilityPlayer" class="App\Card\Game21Test" classname="App.Card.Game21Test" file="/home/sf/dbwebb-kurser/mvc/me/report/tests/Card/Game21Test.php" line="196" assertions="1" time="0.001108"/>
        <testcase name="testGame21GetDeckOfCards" class="App\Card\Game21Test" classname="App.Card.Game21Test" file="/home/sf/dbwebb-kurser/mvc/me/report/tests/Card/Game21Test.php" line="231" assertions="1" time="0.000746"/>
      </testsuite>
      <testsuite name="App\Card\PlayerTest" file="/home/sf/dbwebb-kurser/mvc/me/report/tests/Card/PlayerTest.php" tests="2" assertions="3" errors="0" warnings="0" failures="0" skipped="0" time="0.001787">
        <testcase name="testPlayerCreateAndGetName" class="App\Card\PlayerTest" classname="App.Card.PlayerTest" file="/home/sf/dbwebb-kurser/mvc/me/report/tests/Card/PlayerTest.php" line="16" assertions="2" time="0.001307"/>
        <testcase name="testPlayerGiveCardAndGetHand" class="App\Card\PlayerTest" classname="App.Card.PlayerTest" file="/home/sf/dbwebb-kurser/mvc/me/report/tests/Card/PlayerTest.php" line="30" assertions="1" time="0.000480"/>
      </testsuite>
      <testsuite name="App\Tests\Controller\AdventureControllerJson2Test" file="/home/sf/dbwebb-kurser/mvc/me/report/tests/Controller/AdventureControllerJson2Test.php" tests="6" assertions="18" errors="0" warnings="0" failures="0" skipped="0" time="0.673138">
        <testcase name="testAdventureJsonAddKeyToPocketNoActiveSession" class="App\Tests\Controller\AdventureControllerJson2Test" classname="App.Tests.Controller.AdventureControllerJson2Test" file="/home/sf/dbwebb-kurser/mvc/me/report/tests/Controller/AdventureControllerJson2Test.php" line="21" assertions="2" time="0.455592"/>
        <testcase name="testAdventureJsonAddKeyToPocketActiveSession" class="App\Tests\Controller\AdventureControllerJson2Test" classname="App.Tests.Controller.AdventureControllerJson2Test" file="/home/sf/dbwebb-kurser/mvc/me/report/tests/Controller/AdventureControllerJson2Test.php" line="39" assertions="3" time="0.058356"/>
        <testcase name="testAdventureJsonGetKeyFromPocketNoActiveSession" class="App\Tests\Controller\AdventureControllerJson2Test" classname="App.Tests.Controller.AdventureControllerJson2Test" file="/home/sf/dbwebb-kurser/mvc/me/report/tests/Controller/AdventureControllerJson2Test.php" line="62" assertions="2" time="0.024029"/>
        <testcase name="testAdventureJsonGetKeyFromPocketActiveSession" class="App\Tests\Controller\AdventureControllerJson2Test" classname="App.Tests.Controller.AdventureControllerJson2Test" file="/home/sf/dbwebb-kurser/mvc/me/report/tests/Controller/AdventureControllerJson2Test.php" line="79" assertions="4" time="0.069380"/>
        <testcase name="testAdventureJsonGetRoomNoActiveSession" class="App\Tests\Controller\AdventureControllerJson2Test" classname="App.Tests.Controller.AdventureControllerJson2Test" file="/home/sf/dbwebb-kurser/mvc/me/report/tests/Controller/AdventureControllerJson2Test.php" line="106" assertions="2" time="0.021706"/>
        <testcase name="testAdventureJsonGetRoomActiveSession" class="App\Tests\Controller\AdventureControllerJson2Test" classname="App.Tests.Controller.AdventureControllerJson2Test" file="/home/sf/dbwebb-kurser/mvc/me/report/tests/Controller/AdventureControllerJson2Test.php" line="123" assertions="5" time="0.044076"/>
      </testsuite>
      <testsuite name="App\Tests\Controller\AdventureControllerJsonTest" file="/home/sf/dbwebb-kurser/mvc/me/report/tests/Controller/AdventureControllerJsonTest.php" tests="8" assertions="21" errors="0" warnings="0" failures="0" skipped="0" time="0.309774">
        <testcase name="testAdventureApi" class="App\Tests\Controller\AdventureControllerJsonTest" classname="App.Tests.Controller.AdventureControllerJsonTest" file="/home/sf/dbwebb-kurser/mvc/me/report/tests/Controller/AdventureControllerJsonTest.php" line="21" assertions="3" time="0.092844"/>
        <testcase name="testAdventureJsonSetPlayer" class="App\Tests\Controller\AdventureControllerJsonTest" classname="App.Tests.Controller.AdventureControllerJsonTest" file="/home/sf/dbwebb-kurser/mvc/me/report/tests/Controller/AdventureControllerJsonTest.php" line="35" assertions="2" time="0.016597"/>
        <testcase name="testAdventureJsonGetPlayerNoActiveSession" class="App\Tests\Controller\AdventureControllerJsonTest" classname="App.Tests.Controller.AdventureControllerJsonTest" file="/home/sf/dbwebb-kurser/mvc/me/report/tests/Controller/AdventureControllerJsonTest.php" line="55" assertions="2" time="0.022311"/>
        <testcase name="testAdventureJsonGetPlayerActiveSession" class="App\Tests\Controller\AdventureControllerJsonTest" classname="App.Tests.Controller.AdventureControllerJsonTest" file="/home/sf/dbwebb-kurser/mvc/me/report/tests/Controller/AdventureControllerJsonTest.php" line="73" assertions="3" time="0.037145"/>
        <testcase name="testAdventureJsonAddLaundryToBasketNoActiveSession" class="App\Tests\Controller\AdventureControllerJsonTest" classname="App.Tests.Controller.AdventureControllerJsonTest" file="/home/sf/dbwebb-kurser/mvc/me/report/tests/Controller/AdventureControllerJsonTest.php" line="96" assertions="2" time="0.020554"/>
        <testcase name="testAdventureJsonAddLaundryToBasketActiveSession" class="App\Tests\Controller\AdventureControllerJsonTest" classname="App.Tests.Controller.AdventureControllerJsonTest" file="/home/sf/dbwebb-kurser/mvc/me/report/tests/Controller/AdventureControllerJsonTest.php" line="114" assertions="3" time="0.037740"/>
        <testcase name="testAdventureJsonGetLaundryFromBasketNoActiveSession" class="App\Tests\Controller\AdventureControllerJsonTest" classname="App.Tests.Controller.AdventureControllerJsonTest" file="/home/sf/dbwebb-kurser/mvc/me/report/tests/Controller/AdventureControllerJsonTest.php" line="137" assertions="2" time="0.030272"/>
        <testcase name="testAdventureJsonGetLaundryFromBasketActiveSession" class="App\Tests\Controller\AdventureControllerJsonTest" classname="App.Tests.Controller.AdventureControllerJsonTest" file="/home/sf/dbwebb-kurser/mvc/me/report/tests/Controller/AdventureControllerJsonTest.php" line="154" assertions="4" time="0.052311"/>
      </testsuite>
      <testsuite name="App\Tests\Controller\AdventureDatabaseControllerTest" file="/home/sf/dbwebb-kurser/mvc/me/report/tests/Controller/AdventureDatabaseControllerTest.php" tests="7" assertions="21" errors="0" warnings="0" failures="0" skipped="0" time="0.326903">
        <testcase name="testResetDatabase" class="App\Tests\Controller\AdventureDatabaseControllerTest" classname="App.Tests.Controller.AdventureDatabaseControllerTest" file="/home/sf/dbwebb-kurser/mvc/me/report/tests/Controller/AdventureDatabaseControllerTest.php" line="22" assertions="4" time="0.187107"/>
        <testcase name="testAdventureHighscorePageLoads" class="App\Tests\Controller\AdventureDatabaseControllerTest" classname="App.Tests.Controller.AdventureDatabaseControllerTest" file="/home/sf/dbwebb-kurser/mvc/me/report/tests/Controller/AdventureDatabaseControllerTest.php" line="39" assertions="3" time="0.046765"/>
        <testcase name="testAdventureGettersAndSetters" class="App\Tests\Controller\AdventureDatabaseControllerTest" classname="App.Tests.Controller.AdventureDatabaseControllerTest" file="/home/sf/dbwebb-kurser/mvc/me/report/tests/Controller/AdventureDatabaseControllerTest.php" line="52" assertions="3" time="0.000856"/>
        <testcase name="testHighscoreGetId" class="App\Tests\Controller\AdventureDatabaseControllerTest" classname="App.Tests.Controller.AdventureDatabaseControllerTest" file="/home/sf/dbwebb-kurser/mvc/me/report/tests/Controller/AdventureDatabaseControllerTest.php" line="70" assertions="2" time="0.034008"/>
        <testcase name="testAdventureGettersAndSettersHighscore" class="App\Tests\Controller\AdventureDatabaseControllerTest" classname="App.Tests.Controller.AdventureDatabaseControllerTest" file="/home/sf/dbwebb-kurser/mvc/me/report/tests/Controller/AdventureDatabaseControllerTest.php" line="96" assertions="5" time="0.027636"/>
        <testcase name="testAdventureGettersAndSettersPlayer" class="App\Tests\Controller\AdventureDatabaseControllerTest" classname="App.Tests.Controller.AdventureDatabaseControllerTest" file="/home/sf/dbwebb-kurser/mvc/me/report/tests/Controller/AdventureDatabaseControllerTest.php" line="130" assertions="1" time="0.001031"/>
        <testcase name="testAdventureQuick" class="App\Tests\Controller\AdventureDatabaseControllerTest" classname="App.Tests.Controller.AdventureDatabaseControllerTest" file="/home/sf/dbwebb-kurser/mvc/me/report/tests/Controller/AdventureDatabaseControllerTest.php" line="141" assertions="3" time="0.029499"/>
      </testsuite>
      <testsuite name="App\Tests\Controller\AdventureGameControllerTest" file="/home/sf/dbwebb-kurser/mvc/me/report/tests/Controller/AdventureGameControllerTest.php" tests="10" assertions="34" errors="0" warnings="0" failures="0" skipped="0" time="0.641710">
        <testcase name="testAdventureLoadStartPage" class="App\Tests\Controller\AdventureGameControllerTest" classname="App.Tests.Controller.AdventureGameControllerTest" file="/home/sf/dbwebb-kurser/mvc/me/report/tests/Controller/AdventureGameControllerTest.php" line="21" assertions="2" time="0.036771"/>
        <testcase name="testAdventureNewGameEmptyName" class="App\Tests\Controller\AdventureGameControllerTest" classname="App.Tests.Controller.AdventureGameControllerTest" file="/home/sf/dbwebb-kurser/mvc/me/report/tests/Controller/AdventureGameControllerTest.php" line="36" assertions="4" time="0.062567"/>
        <testcase name="testAdventureNewGameWithName" class="App\Tests\Controller\AdventureGameControllerTest" classname="App.Tests.Controller.AdventureGameControllerTest" file="/home/sf/dbwebb-kurser/mvc/me/report/tests/Controller/AdventureGameControllerTest.php" line="54" assertions="3" time="0.051208"/>
        <testcase name="testAdventureGamePlayWithActiveSession" class="App\Tests\Controller\AdventureGameControllerTest" classname="App.Tests.Controller.AdventureGameControllerTest" file="/home/sf/dbwebb-kurser/mvc/me/report/tests/Controller/AdventureGameControllerTest.php" line="71" assertions="3" time="0.087485"/>
        <testcase name="testAdventureGamePlayWithoutActiveSession" class="App\Tests\Controller\AdventureGameControllerTest" classname="App.Tests.Controller.AdventureGameControllerTest" file="/home/sf/dbwebb-kurser/mvc/me/report/tests/Controller/AdventureGameControllerTest.php" line="92" assertions="2" time="0.021355"/>
        <testcase name="testAdventureGameMove" class="App\Tests\Controller\AdventureGameControllerTest" classname="App.Tests.Controller.AdventureGameControllerTest" file="/home/sf/dbwebb-kurser/mvc/me/report/tests/Controller/AdventureGameControllerTest.php" line="105" assertions="5" time="0.096045"/>
        <testcase name="testAdventuregameCollectFromRoom" class="App\Tests\Controller\AdventureGameControllerTest" classname="App.Tests.Controller.AdventureGameControllerTest" file="/home/sf/dbwebb-kurser/mvc/me/report/tests/Controller/AdventureGameControllerTest.php" line="131" assertions="4" time="0.113538"/>
        <testcase name="testAdventureGameOver" class="App\Tests\Controller\AdventureGameControllerTest" classname="App.Tests.Controller.AdventureGameControllerTest" file="/home/sf/dbwebb-kurser/mvc/me/report/tests/Controller/AdventureGameControllerTest.php" line="159" assertions="5" time="0.103536"/>
        <testcase name="testAdventureAbout" class="App\Tests\Controller\AdventureGameControllerTest" classname="App.Tests.Controller.AdventureGameControllerTest" file="/home/sf/dbwebb-kurser/mvc/me/report/tests/Controller/AdventureGameControllerTest.php" line="188" assertions="3" time="0.040287"/>
        <testcase name="testAdventureAboutDatabase" class="App\Tests\Controller\AdventureGameControllerTest" classname="App.Tests.Controller.AdventureGameControllerTest" file="/home/sf/dbwebb-kurser/mvc/me/report/tests/Controller/AdventureGameControllerTest.php" line="201" assertions="3" time="0.028917"/>
      </testsuite>
      <testsuite name="App\Tests\Controller\LibraryControllerTest" file="/home/sf/dbwebb-kurser/mvc/me/report/tests/Controller/LibraryControllerTest.php" tests="1" assertions="1" errors="0" warnings="0" failures="0" skipped="0" time="0.029782">
        <testcase name="testIndex" class="App\Tests\Controller\LibraryControllerTest" classname="App.Tests.Controller.LibraryControllerTest" file="/home/sf/dbwebb-kurser/mvc/me/report/tests/Controller/LibraryControllerTest.php" line="9" assertions="1" time="0.029782"/>
      </testsuite>
      <testsuite name="App\Dice\DiceTest" file="/home/sf/dbwebb-kurser/mvc/me/report/tests/Dice/DiceTest.php" tests="1" assertions="2" errors="0" warnings="0" failures="0" skipped="0" time="0.001550">
        <testcase name="testCreateDice" class="App\Dice\DiceTest" classname="App.Dice.DiceTest" file="/home/sf/dbwebb-kurser/mvc/me/report/tests/Dice/DiceTest.php" line="16" assertions="2" time="0.001550"/>
      </testsuite>
    </testsuite>
  </testsuite>
</testsuites>
