<?xml version="1.0" encoding="UTF-8"?>
<testsuites>
  <testsuite name="" tests="87" assertions="313" errors="0" warnings="0" failures="0" skipped="0" time="4.039894">
    <testsuite name="Project Test Suite" tests="87" assertions="313" errors="0" warnings="0" failures="0" skipped="0" time="4.039894">
      <testsuite name="App\Adventure\ClosetTest" file="/home/sf/dbwebb-kurser/mvc/me/report/tests/Adventure/ClosetTest.php" tests="7" assertions="15" errors="0" warnings="0" failures="0" skipped="0" time="0.013545">
        <testcase name="testCreateClosetWithParameter" class="App\Adventure\ClosetTest" classname="App.Adventure.ClosetTest" file="/home/sf/dbwebb-kurser/mvc/me/report/tests/Adventure/ClosetTest.php" line="15" assertions="1" time="0.009086"/>
        <testcase name="testCreateClosetWithoutParameter" class="App\Adventure\ClosetTest" classname="App.Adventure.ClosetTest" file="/home/sf/dbwebb-kurser/mvc/me/report/tests/Adventure/ClosetTest.php" line="27" assertions="1" time="0.000308"/>
        <testcase name="testUnlockClosetWithRightKey" class="App\Adventure\ClosetTest" classname="App.Adventure.ClosetTest" file="/home/sf/dbwebb-kurser/mvc/me/report/tests/Adventure/ClosetTest.php" line="39" assertions="3" time="0.001600"/>
        <testcase name="testUnlockClosetWithWrongKey" class="App\Adventure\ClosetTest" classname="App.Adventure.ClosetTest" file="/home/sf/dbwebb-kurser/mvc/me/report/tests/Adventure/ClosetTest.php" line="60" assertions="3" time="0.000755"/>
        <testcase name="testAddAndGetThingCloset" class="App\Adventure\ClosetTest" classname="App.Adventure.ClosetTest" file="/home/sf/dbwebb-kurser/mvc/me/report/tests/Adventure/ClosetTest.php" line="81" assertions="1" time="0.001145"/>
        <testcase name="testRemoveThingsFromCloset" class="App\Adventure\ClosetTest" classname="App.Adventure.ClosetTest" file="/home/sf/dbwebb-kurser/mvc/me/report/tests/Adventure/ClosetTest.php" line="98" assertions="3" time="0.000362"/>
        <testcase name="testIdCloset" class="App\Adventure\ClosetTest" classname="App.Adventure.ClosetTest" file="/home/sf/dbwebb-kurser/mvc/me/report/tests/Adventure/ClosetTest.php" line="128" assertions="3" time="0.000289"/>
      </testsuite>
      <testsuite name="App\Adventure\GameTest" file="/home/sf/dbwebb-kurser/mvc/me/report/tests/Adventure/GameTest.php" tests="1" assertions="3" errors="0" warnings="0" failures="0" skipped="0" time="0.003033">
        <testcase name="testCreateGame" class="App\Adventure\GameTest" classname="App.Adventure.GameTest" file="/home/sf/dbwebb-kurser/mvc/me/report/tests/Adventure/GameTest.php" line="15" assertions="3" time="0.003033"/>
      </testsuite>
      <testsuite name="App\Adventure\KeyTest" file="/home/sf/dbwebb-kurser/mvc/me/report/tests/Adventure/KeyTest.php" tests="1" assertions="4" errors="0" warnings="0" failures="0" skipped="0" time="0.001263">
        <testcase name="testKey" class="App\Adventure\KeyTest" classname="App.Adventure.KeyTest" file="/home/sf/dbwebb-kurser/mvc/me/report/tests/Adventure/KeyTest.php" line="16" assertions="4" time="0.001263"/>
      </testsuite>
      <testsuite name="App\Adventure\LaundryTest" file="/home/sf/dbwebb-kurser/mvc/me/report/tests/Adventure/LaundryTest.php" tests="1" assertions="4" errors="0" warnings="0" failures="0" skipped="0" time="0.000329">
        <testcase name="testLaundry" class="App\Adventure\LaundryTest" classname="App.Adventure.LaundryTest" file="/home/sf/dbwebb-kurser/mvc/me/report/tests/Adventure/LaundryTest.php" line="15" assertions="4" time="0.000329"/>
      </testsuite>
      <testsuite name="App\Adventure\PlayerTest" file="/home/sf/dbwebb-kurser/mvc/me/report/tests/Adventure/PlayerTest.php" tests="7" assertions="25" errors="0" warnings="0" failures="0" skipped="0" time="0.003987">
        <testcase name="testCreatePlayer" class="App\Adventure\PlayerTest" classname="App.Adventure.PlayerTest" file="/home/sf/dbwebb-kurser/mvc/me/report/tests/Adventure/PlayerTest.php" line="15" assertions="2" time="0.000318"/>
        <testcase name="testBasketPlayer" class="App\Adventure\PlayerTest" classname="App.Adventure.PlayerTest" file="/home/sf/dbwebb-kurser/mvc/me/report/tests/Adventure/PlayerTest.php" line="33" assertions="5" time="0.001575"/>
        <testcase name="testPocketPlayer" class="App\Adventure\PlayerTest" classname="App.Adventure.PlayerTest" file="/home/sf/dbwebb-kurser/mvc/me/report/tests/Adventure/PlayerTest.php" line="67" assertions="1" time="0.000367"/>
        <testcase name="testunlockClosetByPlayer" class="App\Adventure\PlayerTest" classname="App.Adventure.PlayerTest" file="/home/sf/dbwebb-kurser/mvc/me/report/tests/Adventure/PlayerTest.php" line="87" assertions="3" time="0.000358"/>
        <testcase name="testMovePlayer" class="App\Adventure\PlayerTest" classname="App.Adventure.PlayerTest" file="/home/sf/dbwebb-kurser/mvc/me/report/tests/Adventure/PlayerTest.php" line="130" assertions="4" time="0.000363"/>
        <testcase name="testCollectThingFromRoomByPlayer" class="App\Adventure\PlayerTest" classname="App.Adventure.PlayerTest" file="/home/sf/dbwebb-kurser/mvc/me/report/tests/Adventure/PlayerTest.php" line="167" assertions="5" time="0.000530"/>
        <testcase name="testCollectThingFromClosetByPlayer" class="App\Adventure\PlayerTest" classname="App.Adventure.PlayerTest" file="/home/sf/dbwebb-kurser/mvc/me/report/tests/Adventure/PlayerTest.php" line="194" assertions="5" time="0.000477"/>
      </testsuite>
      <testsuite name="App\Adventure\RoomTest" file="/home/sf/dbwebb-kurser/mvc/me/report/tests/Adventure/RoomTest.php" tests="7" assertions="17" errors="0" warnings="0" failures="0" skipped="0" time="0.002858">
        <testcase name="testCreateRoom" class="App\Adventure\RoomTest" classname="App.Adventure.RoomTest" file="/home/sf/dbwebb-kurser/mvc/me/report/tests/Adventure/RoomTest.php" line="15" assertions="2" time="0.000438"/>
        <testcase name="testAddAndGetThingRoom" class="App\Adventure\RoomTest" classname="App.Adventure.RoomTest" file="/home/sf/dbwebb-kurser/mvc/me/report/tests/Adventure/RoomTest.php" line="31" assertions="1" time="0.000353"/>
        <testcase name="testRemoveThingsFromRoom" class="App\Adventure\RoomTest" classname="App.Adventure.RoomTest" file="/home/sf/dbwebb-kurser/mvc/me/report/tests/Adventure/RoomTest.php" line="51" assertions="3" time="0.000348"/>
        <testcase name="testGetClosetFromRoom" class="App\Adventure\RoomTest" classname="App.Adventure.RoomTest" file="/home/sf/dbwebb-kurser/mvc/me/report/tests/Adventure/RoomTest.php" line="74" assertions="3" time="0.000382"/>
        <testcase name="testsetAndGetDoorToRoom" class="App\Adventure\RoomTest" classname="App.Adventure.RoomTest" file="/home/sf/dbwebb-kurser/mvc/me/report/tests/Adventure/RoomTest.php" line="96" assertions="2" time="0.000297"/>
        <testcase name="testIdRoom" class="App\Adventure\RoomTest" classname="App.Adventure.RoomTest" file="/home/sf/dbwebb-kurser/mvc/me/report/tests/Adventure/RoomTest.php" line="114" assertions="4" time="0.000729"/>
        <testcase name="testInfoAndImageRoom" class="App\Adventure\RoomTest" classname="App.Adventure.RoomTest" file="/home/sf/dbwebb-kurser/mvc/me/report/tests/Adventure/RoomTest.php" line="146" assertions="2" time="0.000310"/>
      </testsuite>
      <testsuite name="App\Card\BettingTest" file="/home/sf/dbwebb-kurser/mvc/me/report/tests/Card/BettingTest.php" tests="4" assertions="11" errors="0" warnings="0" failures="0" skipped="0" time="0.009448">
        <testcase name="testBettingCreateAndCheckParameters" class="App\Card\BettingTest" classname="App.Card.BettingTest" file="/home/sf/dbwebb-kurser/mvc/me/report/tests/Card/BettingTest.php" line="17" assertions="3" time="0.000841"/>
        <testcase name="testBettingOKBet" class="App\Card\BettingTest" classname="App.Card.BettingTest" file="/home/sf/dbwebb-kurser/mvc/me/report/tests/Card/BettingTest.php" line="31" assertions="1" time="0.000337"/>
        <testcase name="testBettingSaveToSession" class="App\Card\BettingTest" classname="App.Card.BettingTest" file="/home/sf/dbwebb-kurser/mvc/me/report/tests/Card/BettingTest.php" line="47" assertions="1" time="0.007869"/>
        <testcase name="testBettingClearBet" class="App\Card\BettingTest" classname="App.Card.BettingTest" file="/home/sf/dbwebb-kurser/mvc/me/report/tests/Card/BettingTest.php" line="65" assertions="6" time="0.000401"/>
      </testsuite>
      <testsuite name="App\Card\CardTest" file="/home/sf/dbwebb-kurser/mvc/me/report/tests/Card/CardTest.php" tests="2" assertions="4" errors="0" warnings="0" failures="0" skipped="0" time="0.000898">
        <testcase name="testCreateObjectWithArguments" class="App\Card\CardTest" classname="App.Card.CardTest" file="/home/sf/dbwebb-kurser/mvc/me/report/tests/Card/CardTest.php" line="15" assertions="3" time="0.000611"/>
        <testcase name="testGetAsString" class="App\Card\CardTest" classname="App.Card.CardTest" file="/home/sf/dbwebb-kurser/mvc/me/report/tests/Card/CardTest.php" line="31" assertions="1" time="0.000287"/>
      </testsuite>
      <testsuite name="App\Card\DeckOfCardsTestTest" file="/home/sf/dbwebb-kurser/mvc/me/report/tests/Card/DeckOfCardsTest.php" tests="6" assertions="86" errors="0" warnings="0" failures="0" skipped="0" time="0.012882">
        <testcase name="testCreateObject" class="App\Card\DeckOfCardsTestTest" classname="App.Card.DeckOfCardsTestTest" file="/home/sf/dbwebb-kurser/mvc/me/report/tests/Card/DeckOfCardsTest.php" line="16" assertions="53" time="0.002989"/>
        <testcase name="testGetDeck" class="App\Card\DeckOfCardsTestTest" classname="App.Card.DeckOfCardsTestTest" file="/home/sf/dbwebb-kurser/mvc/me/report/tests/Card/DeckOfCardsTest.php" line="30" assertions="1" time="0.000356"/>
        <testcase name="testGetShuffledDeck" class="App\Card\DeckOfCardsTestTest" classname="App.Card.DeckOfCardsTestTest" file="/home/sf/dbwebb-kurser/mvc/me/report/tests/Card/DeckOfCardsTest.php" line="43" assertions="3" time="0.007012"/>
        <testcase name="testDrawCardReturnsCardAndCountDecrease" class="App\Card\DeckOfCardsTestTest" classname="App.Card.DeckOfCardsTestTest" file="/home/sf/dbwebb-kurser/mvc/me/report/tests/Card/DeckOfCardsTest.php" line="63" assertions="2" time="0.000338"/>
        <testcase name="testDrawCardEmptyDeck" class="App\Card\DeckOfCardsTestTest" classname="App.Card.DeckOfCardsTestTest" file="/home/sf/dbwebb-kurser/mvc/me/report/tests/Card/DeckOfCardsTest.php" line="81" assertions="1" time="0.000416"/>
        <testcase name="testGetNumberOfCardsNewDeck" class="App\Card\DeckOfCardsTestTest" classname="App.Card.DeckOfCardsTestTest" file="/home/sf/dbwebb-kurser/mvc/me/report/tests/Card/DeckOfCardsTest.php" line="98" assertions="26" time="0.001770"/>
      </testsuite>
      <testsuite name="App\Card\DeckWithJokersTest" file="/home/sf/dbwebb-kurser/mvc/me/report/tests/Card/DeckWithJokersTest.php" tests="1" assertions="2" errors="0" warnings="0" failures="0" skipped="0" time="0.000752">
        <testcase name="testDeckWithJokersCreate" class="App\Card\DeckWithJokersTest" classname="App.Card.DeckWithJokersTest" file="/home/sf/dbwebb-kurser/mvc/me/report/tests/Card/DeckWithJokersTest.php" line="15" assertions="2" time="0.000752"/>
      </testsuite>
      <testsuite name="App\Card\Game21GameOverTest" file="/home/sf/dbwebb-kurser/mvc/me/report/tests/Card/Game21GameOverTest.php" tests="7" assertions="17" errors="0" warnings="0" failures="0" skipped="0" time="0.027750">
        <testcase name="testGame21GameOverGenericWin" class="App\Card\Game21GameOverTest" classname="App.Card.Game21GameOverTest" file="/home/sf/dbwebb-kurser/mvc/me/report/tests/Card/Game21GameOverTest.php" line="38" assertions="4" time="0.020557"/>
        <testcase name="testGame21GameOverDumbWinBankHasHigherPoints" class="App\Card\Game21GameOverTest" classname="App.Card.Game21GameOverTest" file="/home/sf/dbwebb-kurser/mvc/me/report/tests/Card/Game21GameOverTest.php" line="99" assertions="2" time="0.000886"/>
        <testcase name="testGame21GameOverDumbWinPlayerHasHigherPoints" class="App\Card\Game21GameOverTest" classname="App.Card.Game21GameOverTest" file="/home/sf/dbwebb-kurser/mvc/me/report/tests/Card/Game21GameOverTest.php" line="132" assertions="2" time="0.000880"/>
        <testcase name="testGame21GameOverDumbWinDraw" class="App\Card\Game21GameOverTest" classname="App.Card.Game21GameOverTest" file="/home/sf/dbwebb-kurser/mvc/me/report/tests/Card/Game21GameOverTest.php" line="173" assertions="2" time="0.001174"/>
        <testcase name="testGame21GameOverDumbWinBankHasHigherPointsOrDraw" class="App\Card\Game21GameOverTest" classname="App.Card.Game21GameOverTest" file="/home/sf/dbwebb-kurser/mvc/me/report/tests/Card/Game21GameOverTest.php" line="214" assertions="2" time="0.002288"/>
        <testcase name="testGame21GameOverSmartWinRiskTooHigh" class="App\Card\Game21GameOverTest" classname="App.Card.Game21GameOverTest" file="/home/sf/dbwebb-kurser/mvc/me/report/tests/Card/Game21GameOverTest.php" line="247" assertions="2" time="0.001017"/>
        <testcase name="testGame21GameOverItsNotOver" class="App\Card\Game21GameOverTest" classname="App.Card.Game21GameOverTest" file="/home/sf/dbwebb-kurser/mvc/me/report/tests/Card/Game21GameOverTest.php" line="292" assertions="3" time="0.000948"/>
      </testsuite>
      <testsuite name="App\Card\Game21Test" file="/home/sf/dbwebb-kurser/mvc/me/report/tests/Card/Game21Test.php" tests="8" assertions="24" errors="0" warnings="0" failures="0" skipped="0" time="0.005203">
        <testcase name="testGame21Construct" class="App\Card\Game21Test" classname="App.Card.Game21Test" file="/home/sf/dbwebb-kurser/mvc/me/report/tests/Card/Game21Test.php" line="43" assertions="2" time="0.000482"/>
        <testcase name="testGame21SaveToSession" class="App\Card\Game21Test" classname="App.Card.Game21Test" file="/home/sf/dbwebb-kurser/mvc/me/report/tests/Card/Game21Test.php" line="58" assertions="1" time="0.000516"/>
        <testcase name="testGame21GetNewCard" class="App\Card\Game21Test" classname="App.Card.Game21Test" file="/home/sf/dbwebb-kurser/mvc/me/report/tests/Card/Game21Test.php" line="74" assertions="8" time="0.000606"/>
        <testcase name="testGame21GetNewCardWhenDeckIsEmpty" class="App\Card\Game21Test" classname="App.Card.Game21Test" file="/home/sf/dbwebb-kurser/mvc/me/report/tests/Card/Game21Test.php" line="102" assertions="1" time="0.000691"/>
        <testcase name="testGame21GetNewCardAndNowWithAnAce" class="App\Card\Game21Test" classname="App.Card.Game21Test" file="/home/sf/dbwebb-kurser/mvc/me/report/tests/Card/Game21Test.php" line="133" assertions="8" time="0.000997"/>
        <testcase name="testGame21CardsAsArray" class="App\Card\Game21Test" classname="App.Card.Game21Test" file="/home/sf/dbwebb-kurser/mvc/me/report/tests/Card/Game21Test.php" line="162" assertions="2" time="0.000818"/>
        <testcase name="testGame21GetFatProbabilityPlayer" class="App\Card\Game21Test" classname="App.Card.Game21Test" file="/home/sf/dbwebb-kurser/mvc/me/report/tests/Card/Game21Test.php" line="196" assertions="1" time="0.000663"/>
        <testcase name="testGame21GetDeckOfCards" class="App\Card\Game21Test" classname="App.Card.Game21Test" file="/home/sf/dbwebb-kurser/mvc/me/report/tests/Card/Game21Test.php" line="231" assertions="1" time="0.000431"/>
      </testsuite>
      <testsuite name="App\Card\PlayerTest" file="/home/sf/dbwebb-kurser/mvc/me/report/tests/Card/PlayerTest.php" tests="2" assertions="3" errors="0" warnings="0" failures="0" skipped="0" time="0.001004">
        <testcase name="testPlayerCreateAndGetName" class="App\Card\PlayerTest" classname="App.Card.PlayerTest" file="/home/sf/dbwebb-kurser/mvc/me/report/tests/Card/PlayerTest.php" line="16" assertions="2" time="0.000722"/>
        <testcase name="testPlayerGiveCardAndGetHand" class="App\Card\PlayerTest" classname="App.Card.PlayerTest" file="/home/sf/dbwebb-kurser/mvc/me/report/tests/Card/PlayerTest.php" line="30" assertions="1" time="0.000282"/>
      </testsuite>
      <testsuite name="App\Tests\Controller\AdventureControllerJson2Test" file="/home/sf/dbwebb-kurser/mvc/me/report/tests/Controller/AdventureControllerJson2Test.php" tests="6" assertions="18" errors="0" warnings="0" failures="0" skipped="0" time="2.796073">
        <testcase name="testAdventureJsonAddKeyToPocketNoActiveSession" class="App\Tests\Controller\AdventureControllerJson2Test" classname="App.Tests.Controller.AdventureControllerJson2Test" file="/home/sf/dbwebb-kurser/mvc/me/report/tests/Controller/AdventureControllerJson2Test.php" line="21" assertions="2" time="2.668540"/>
        <testcase name="testAdventureJsonAddKeyToPocketActiveSession" class="App\Tests\Controller\AdventureControllerJson2Test" classname="App.Tests.Controller.AdventureControllerJson2Test" file="/home/sf/dbwebb-kurser/mvc/me/report/tests/Controller/AdventureControllerJson2Test.php" line="39" assertions="3" time="0.032404"/>
        <testcase name="testAdventureJsonGetKeyFromPocketNoActiveSession" class="App\Tests\Controller\AdventureControllerJson2Test" classname="App.Tests.Controller.AdventureControllerJson2Test" file="/home/sf/dbwebb-kurser/mvc/me/report/tests/Controller/AdventureControllerJson2Test.php" line="62" assertions="2" time="0.013426"/>
        <testcase name="testAdventureJsonGetKeyFromPocketActiveSession" class="App\Tests\Controller\AdventureControllerJson2Test" classname="App.Tests.Controller.AdventureControllerJson2Test" file="/home/sf/dbwebb-kurser/mvc/me/report/tests/Controller/AdventureControllerJson2Test.php" line="79" assertions="4" time="0.042379"/>
        <testcase name="testAdventureJsonGetRoomNoActiveSession" class="App\Tests\Controller\AdventureControllerJson2Test" classname="App.Tests.Controller.AdventureControllerJson2Test" file="/home/sf/dbwebb-kurser/mvc/me/report/tests/Controller/AdventureControllerJson2Test.php" line="106" assertions="2" time="0.015730"/>
        <testcase name="testAdventureJsonGetRoomActiveSession" class="App\Tests\Controller\AdventureControllerJson2Test" classname="App.Tests.Controller.AdventureControllerJson2Test" file="/home/sf/dbwebb-kurser/mvc/me/report/tests/Controller/AdventureControllerJson2Test.php" line="123" assertions="5" time="0.023593"/>
      </testsuite>
      <testsuite name="App\Tests\Controller\AdventureControllerJsonTest" file="/home/sf/dbwebb-kurser/mvc/me/report/tests/Controller/AdventureControllerJsonTest.php" tests="8" assertions="21" errors="0" warnings="0" failures="0" skipped="0" time="0.255025">
        <testcase name="testAdventureApi" class="App\Tests\Controller\AdventureControllerJsonTest" classname="App.Tests.Controller.AdventureControllerJsonTest" file="/home/sf/dbwebb-kurser/mvc/me/report/tests/Controller/AdventureControllerJsonTest.php" line="21" assertions="3" time="0.093423"/>
        <testcase name="testAdventureJsonSetPlayer" class="App\Tests\Controller\AdventureControllerJsonTest" classname="App.Tests.Controller.AdventureControllerJsonTest" file="/home/sf/dbwebb-kurser/mvc/me/report/tests/Controller/AdventureControllerJsonTest.php" line="35" assertions="2" time="0.015382"/>
        <testcase name="testAdventureJsonGetPlayerNoActiveSession" class="App\Tests\Controller\AdventureControllerJsonTest" classname="App.Tests.Controller.AdventureControllerJsonTest" file="/home/sf/dbwebb-kurser/mvc/me/report/tests/Controller/AdventureControllerJsonTest.php" line="55" assertions="2" time="0.014408"/>
        <testcase name="testAdventureJsonGetPlayerActiveSession" class="App\Tests\Controller\AdventureControllerJsonTest" classname="App.Tests.Controller.AdventureControllerJsonTest" file="/home/sf/dbwebb-kurser/mvc/me/report/tests/Controller/AdventureControllerJsonTest.php" line="73" assertions="3" time="0.025067"/>
        <testcase name="testAdventureJsonAddLaundryToBasketNoActiveSession" class="App\Tests\Controller\AdventureControllerJsonTest" classname="App.Tests.Controller.AdventureControllerJsonTest" file="/home/sf/dbwebb-kurser/mvc/me/report/tests/Controller/AdventureControllerJsonTest.php" line="96" assertions="2" time="0.012995"/>
        <testcase name="testAdventureJsonAddLaundryToBasketActiveSession" class="App\Tests\Controller\AdventureControllerJsonTest" classname="App.Tests.Controller.AdventureControllerJsonTest" file="/home/sf/dbwebb-kurser/mvc/me/report/tests/Controller/AdventureControllerJsonTest.php" line="114" assertions="3" time="0.026358"/>
        <testcase name="testAdventureJsonGetLaundryFromBasketNoActiveSession" class="App\Tests\Controller\AdventureControllerJsonTest" classname="App.Tests.Controller.AdventureControllerJsonTest" file="/home/sf/dbwebb-kurser/mvc/me/report/tests/Controller/AdventureControllerJsonTest.php" line="137" assertions="2" time="0.015469"/>
        <testcase name="testAdventureJsonGetLaundryFromBasketActiveSession" class="App\Tests\Controller\AdventureControllerJsonTest" classname="App.Tests.Controller.AdventureControllerJsonTest" file="/home/sf/dbwebb-kurser/mvc/me/report/tests/Controller/AdventureControllerJsonTest.php" line="154" assertions="4" time="0.051922"/>
      </testsuite>
      <testsuite name="App\Tests\Controller\AdventureDatabaseControllerTest" file="/home/sf/dbwebb-kurser/mvc/me/report/tests/Controller/AdventureDatabaseControllerTest.php" tests="7" assertions="22" errors="0" warnings="0" failures="0" skipped="0" time="0.327402">
        <testcase name="testResetDatabase" class="App\Tests\Controller\AdventureDatabaseControllerTest" classname="App.Tests.Controller.AdventureDatabaseControllerTest" file="/home/sf/dbwebb-kurser/mvc/me/report/tests/Controller/AdventureDatabaseControllerTest.php" line="22" assertions="5" time="0.208755"/>
        <testcase name="testAdventureHighscorePageLoads" class="App\Tests\Controller\AdventureDatabaseControllerTest" classname="App.Tests.Controller.AdventureDatabaseControllerTest" file="/home/sf/dbwebb-kurser/mvc/me/report/tests/Controller/AdventureDatabaseControllerTest.php" line="59" assertions="3" time="0.049980"/>
        <testcase name="testAdventureGettersAndSetters" class="App\Tests\Controller\AdventureDatabaseControllerTest" classname="App.Tests.Controller.AdventureDatabaseControllerTest" file="/home/sf/dbwebb-kurser/mvc/me/report/tests/Controller/AdventureDatabaseControllerTest.php" line="72" assertions="3" time="0.000706"/>
        <testcase name="testHighscoreGetId" class="App\Tests\Controller\AdventureDatabaseControllerTest" classname="App.Tests.Controller.AdventureDatabaseControllerTest" file="/home/sf/dbwebb-kurser/mvc/me/report/tests/Controller/AdventureDatabaseControllerTest.php" line="90" assertions="2" time="0.023929"/>
        <testcase name="testAdventureGettersAndSettersHighscore" class="App\Tests\Controller\AdventureDatabaseControllerTest" classname="App.Tests.Controller.AdventureDatabaseControllerTest" file="/home/sf/dbwebb-kurser/mvc/me/report/tests/Controller/AdventureDatabaseControllerTest.php" line="116" assertions="5" time="0.021098"/>
        <testcase name="testAdventureGettersAndSettersPlayer" class="App\Tests\Controller\AdventureDatabaseControllerTest" classname="App.Tests.Controller.AdventureDatabaseControllerTest" file="/home/sf/dbwebb-kurser/mvc/me/report/tests/Controller/AdventureDatabaseControllerTest.php" line="150" assertions="1" time="0.000463"/>
        <testcase name="testAdventureQuick" class="App\Tests\Controller\AdventureDatabaseControllerTest" classname="App.Tests.Controller.AdventureDatabaseControllerTest" file="/home/sf/dbwebb-kurser/mvc/me/report/tests/Controller/AdventureDatabaseControllerTest.php" line="161" assertions="3" time="0.022471"/>
      </testsuite>
      <testsuite name="App\Tests\Controller\AdventureGameControllerTest" file="/home/sf/dbwebb-kurser/mvc/me/report/tests/Controller/AdventureGameControllerTest.php" tests="10" assertions="34" errors="0" warnings="0" failures="0" skipped="0" time="0.551672">
        <testcase name="testAdventureLoadStartPage" class="App\Tests\Controller\AdventureGameControllerTest" classname="App.Tests.Controller.AdventureGameControllerTest" file="/home/sf/dbwebb-kurser/mvc/me/report/tests/Controller/AdventureGameControllerTest.php" line="21" assertions="2" time="0.022147"/>
        <testcase name="testAdventureNewGameEmptyName" class="App\Tests\Controller\AdventureGameControllerTest" classname="App.Tests.Controller.AdventureGameControllerTest" file="/home/sf/dbwebb-kurser/mvc/me/report/tests/Controller/AdventureGameControllerTest.php" line="36" assertions="4" time="0.043119"/>
        <testcase name="testAdventureNewGameWithName" class="App\Tests\Controller\AdventureGameControllerTest" classname="App.Tests.Controller.AdventureGameControllerTest" file="/home/sf/dbwebb-kurser/mvc/me/report/tests/Controller/AdventureGameControllerTest.php" line="54" assertions="3" time="0.047543"/>
        <testcase name="testAdventureGamePlayWithActiveSession" class="App\Tests\Controller\AdventureGameControllerTest" classname="App.Tests.Controller.AdventureGameControllerTest" file="/home/sf/dbwebb-kurser/mvc/me/report/tests/Controller/AdventureGameControllerTest.php" line="71" assertions="3" time="0.083143"/>
        <testcase name="testAdventureGamePlayWithoutActiveSession" class="App\Tests\Controller\AdventureGameControllerTest" classname="App.Tests.Controller.AdventureGameControllerTest" file="/home/sf/dbwebb-kurser/mvc/me/report/tests/Controller/AdventureGameControllerTest.php" line="92" assertions="2" time="0.019046"/>
        <testcase name="testAdventureGameMove" class="App\Tests\Controller\AdventureGameControllerTest" classname="App.Tests.Controller.AdventureGameControllerTest" file="/home/sf/dbwebb-kurser/mvc/me/report/tests/Controller/AdventureGameControllerTest.php" line="105" assertions="5" time="0.072238"/>
        <testcase name="testAdventuregameCollectFromRoom" class="App\Tests\Controller\AdventureGameControllerTest" classname="App.Tests.Controller.AdventureGameControllerTest" file="/home/sf/dbwebb-kurser/mvc/me/report/tests/Controller/AdventureGameControllerTest.php" line="131" assertions="4" time="0.109623"/>
        <testcase name="testAdventureGameOver" class="App\Tests\Controller\AdventureGameControllerTest" classname="App.Tests.Controller.AdventureGameControllerTest" file="/home/sf/dbwebb-kurser/mvc/me/report/tests/Controller/AdventureGameControllerTest.php" line="159" assertions="5" time="0.103371"/>
        <testcase name="testAdventureAbout" class="App\Tests\Controller\AdventureGameControllerTest" classname="App.Tests.Controller.AdventureGameControllerTest" file="/home/sf/dbwebb-kurser/mvc/me/report/tests/Controller/AdventureGameControllerTest.php" line="188" assertions="3" time="0.025435"/>
        <testcase name="testAdventureAboutDatabase" class="App\Tests\Controller\AdventureGameControllerTest" classname="App.Tests.Controller.AdventureGameControllerTest" file="/home/sf/dbwebb-kurser/mvc/me/report/tests/Controller/AdventureGameControllerTest.php" line="201" assertions="3" time="0.026009"/>
      </testsuite>
      <testsuite name="App\Tests\Controller\LibraryControllerTest" file="/home/sf/dbwebb-kurser/mvc/me/report/tests/Controller/LibraryControllerTest.php" tests="1" assertions="1" errors="0" warnings="0" failures="0" skipped="0" time="0.025549">
        <testcase name="testIndex" class="App\Tests\Controller\LibraryControllerTest" classname="App.Tests.Controller.LibraryControllerTest" file="/home/sf/dbwebb-kurser/mvc/me/report/tests/Controller/LibraryControllerTest.php" line="9" assertions="1" time="0.025549"/>
      </testsuite>
      <testsuite name="App\Dice\DiceTest" file="/home/sf/dbwebb-kurser/mvc/me/report/tests/Dice/DiceTest.php" tests="1" assertions="2" errors="0" warnings="0" failures="0" skipped="0" time="0.001222">
        <testcase name="testCreateDice" class="App\Dice\DiceTest" classname="App.Dice.DiceTest" file="/home/sf/dbwebb-kurser/mvc/me/report/tests/Dice/DiceTest.php" line="16" assertions="2" time="0.001222"/>
      </testsuite>
    </testsuite>
  </testsuite>
</testsuites>
