<?xml version="1.0" encoding="UTF-8"?>
<testsuites>
  <testsuite name="" tests="56" assertions="218" errors="0" warnings="0" failures="0" skipped="0" time="2.999616">
    <testsuite name="Project Test Suite" tests="56" assertions="218" errors="0" warnings="0" failures="0" skipped="0" time="2.999616">
      <testsuite name="App\Adventure\ClosetTest" file="/home/sf/dbwebb-kurser/mvc/me/report/tests/Adventure/ClosetTest.php" tests="7" assertions="15" errors="0" warnings="0" failures="0" skipped="0" time="0.010357">
        <testcase name="testCreateClosetWithParameter" class="App\Adventure\ClosetTest" classname="App.Adventure.ClosetTest" file="/home/sf/dbwebb-kurser/mvc/me/report/tests/Adventure/ClosetTest.php" line="15" assertions="1" time="0.006384"/>
        <testcase name="testCreateClosetWithoutParameter" class="App\Adventure\ClosetTest" classname="App.Adventure.ClosetTest" file="/home/sf/dbwebb-kurser/mvc/me/report/tests/Adventure/ClosetTest.php" line="27" assertions="1" time="0.000324"/>
        <testcase name="testUnlockClosetWithRightKey" class="App\Adventure\ClosetTest" classname="App.Adventure.ClosetTest" file="/home/sf/dbwebb-kurser/mvc/me/report/tests/Adventure/ClosetTest.php" line="39" assertions="3" time="0.001260"/>
        <testcase name="testUnlockClosetWithWrongKey" class="App\Adventure\ClosetTest" classname="App.Adventure.ClosetTest" file="/home/sf/dbwebb-kurser/mvc/me/report/tests/Adventure/ClosetTest.php" line="60" assertions="3" time="0.000769"/>
        <testcase name="testAddAndGetThingCloset" class="App\Adventure\ClosetTest" classname="App.Adventure.ClosetTest" file="/home/sf/dbwebb-kurser/mvc/me/report/tests/Adventure/ClosetTest.php" line="81" assertions="1" time="0.000847"/>
        <testcase name="testRemoveThingsFromCloset" class="App\Adventure\ClosetTest" classname="App.Adventure.ClosetTest" file="/home/sf/dbwebb-kurser/mvc/me/report/tests/Adventure/ClosetTest.php" line="98" assertions="3" time="0.000443"/>
        <testcase name="testIdCloset" class="App\Adventure\ClosetTest" classname="App.Adventure.ClosetTest" file="/home/sf/dbwebb-kurser/mvc/me/report/tests/Adventure/ClosetTest.php" line="128" assertions="3" time="0.000331"/>
      </testsuite>
      <testsuite name="App\Adventure\GameTest" file="/home/sf/dbwebb-kurser/mvc/me/report/tests/Adventure/GameTest.php" tests="1" assertions="3" errors="0" warnings="0" failures="0" skipped="0" time="0.002678">
        <testcase name="testCreateGame" class="App\Adventure\GameTest" classname="App.Adventure.GameTest" file="/home/sf/dbwebb-kurser/mvc/me/report/tests/Adventure/GameTest.php" line="15" assertions="3" time="0.002678"/>
      </testsuite>
      <testsuite name="App\Adventure\KeyTest" file="/home/sf/dbwebb-kurser/mvc/me/report/tests/Adventure/KeyTest.php" tests="1" assertions="4" errors="0" warnings="0" failures="0" skipped="0" time="0.001407">
        <testcase name="testKey" class="App\Adventure\KeyTest" classname="App.Adventure.KeyTest" file="/home/sf/dbwebb-kurser/mvc/me/report/tests/Adventure/KeyTest.php" line="16" assertions="4" time="0.001407"/>
      </testsuite>
      <testsuite name="App\Adventure\LaundryTest" file="/home/sf/dbwebb-kurser/mvc/me/report/tests/Adventure/LaundryTest.php" tests="1" assertions="4" errors="0" warnings="0" failures="0" skipped="0" time="0.000302">
        <testcase name="testLaundry" class="App\Adventure\LaundryTest" classname="App.Adventure.LaundryTest" file="/home/sf/dbwebb-kurser/mvc/me/report/tests/Adventure/LaundryTest.php" line="15" assertions="4" time="0.000302"/>
      </testsuite>
      <testsuite name="App\Adventure\PlayerTest" file="/home/sf/dbwebb-kurser/mvc/me/report/tests/Adventure/PlayerTest.php" tests="7" assertions="25" errors="0" warnings="0" failures="0" skipped="0" time="0.003476">
        <testcase name="testCreatePlayer" class="App\Adventure\PlayerTest" classname="App.Adventure.PlayerTest" file="/home/sf/dbwebb-kurser/mvc/me/report/tests/Adventure/PlayerTest.php" line="15" assertions="2" time="0.000298"/>
        <testcase name="testBasketPlayer" class="App\Adventure\PlayerTest" classname="App.Adventure.PlayerTest" file="/home/sf/dbwebb-kurser/mvc/me/report/tests/Adventure/PlayerTest.php" line="33" assertions="5" time="0.001446"/>
        <testcase name="testPocketPlayer" class="App\Adventure\PlayerTest" classname="App.Adventure.PlayerTest" file="/home/sf/dbwebb-kurser/mvc/me/report/tests/Adventure/PlayerTest.php" line="67" assertions="1" time="0.000325"/>
        <testcase name="testunlockClosetByPlayer" class="App\Adventure\PlayerTest" classname="App.Adventure.PlayerTest" file="/home/sf/dbwebb-kurser/mvc/me/report/tests/Adventure/PlayerTest.php" line="87" assertions="3" time="0.000347"/>
        <testcase name="testMovePlayer" class="App\Adventure\PlayerTest" classname="App.Adventure.PlayerTest" file="/home/sf/dbwebb-kurser/mvc/me/report/tests/Adventure/PlayerTest.php" line="130" assertions="4" time="0.000345"/>
        <testcase name="testCollectThingFromRoomByPlayer" class="App\Adventure\PlayerTest" classname="App.Adventure.PlayerTest" file="/home/sf/dbwebb-kurser/mvc/me/report/tests/Adventure/PlayerTest.php" line="167" assertions="5" time="0.000353"/>
        <testcase name="testCollectThingFromClosetByPlayer" class="App\Adventure\PlayerTest" classname="App.Adventure.PlayerTest" file="/home/sf/dbwebb-kurser/mvc/me/report/tests/Adventure/PlayerTest.php" line="194" assertions="5" time="0.000361"/>
      </testsuite>
      <testsuite name="App\Adventure\RoomTest" file="/home/sf/dbwebb-kurser/mvc/me/report/tests/Adventure/RoomTest.php" tests="7" assertions="17" errors="0" warnings="0" failures="0" skipped="0" time="0.002502">
        <testcase name="testCreateRoom" class="App\Adventure\RoomTest" classname="App.Adventure.RoomTest" file="/home/sf/dbwebb-kurser/mvc/me/report/tests/Adventure/RoomTest.php" line="15" assertions="2" time="0.000302"/>
        <testcase name="testAddAndGetThingRoom" class="App\Adventure\RoomTest" classname="App.Adventure.RoomTest" file="/home/sf/dbwebb-kurser/mvc/me/report/tests/Adventure/RoomTest.php" line="31" assertions="1" time="0.000277"/>
        <testcase name="testRemoveThingsFromRoom" class="App\Adventure\RoomTest" classname="App.Adventure.RoomTest" file="/home/sf/dbwebb-kurser/mvc/me/report/tests/Adventure/RoomTest.php" line="51" assertions="3" time="0.000324"/>
        <testcase name="testGetClosetFromRoom" class="App\Adventure\RoomTest" classname="App.Adventure.RoomTest" file="/home/sf/dbwebb-kurser/mvc/me/report/tests/Adventure/RoomTest.php" line="74" assertions="3" time="0.000291"/>
        <testcase name="testsetAndGetDoorToRoom" class="App\Adventure\RoomTest" classname="App.Adventure.RoomTest" file="/home/sf/dbwebb-kurser/mvc/me/report/tests/Adventure/RoomTest.php" line="96" assertions="2" time="0.000287"/>
        <testcase name="testIdRoom" class="App\Adventure\RoomTest" classname="App.Adventure.RoomTest" file="/home/sf/dbwebb-kurser/mvc/me/report/tests/Adventure/RoomTest.php" line="114" assertions="4" time="0.000729"/>
        <testcase name="testInfoAndImageRoom" class="App\Adventure\RoomTest" classname="App.Adventure.RoomTest" file="/home/sf/dbwebb-kurser/mvc/me/report/tests/Adventure/RoomTest.php" line="146" assertions="2" time="0.000293"/>
      </testsuite>
      <testsuite name="App\Card\BettingTest" file="/home/sf/dbwebb-kurser/mvc/me/report/tests/Card/BettingTest.php" tests="4" assertions="11" errors="0" warnings="0" failures="0" skipped="0" time="0.012554">
        <testcase name="testBettingCreateAndCheckParameters" class="App\Card\BettingTest" classname="App.Card.BettingTest" file="/home/sf/dbwebb-kurser/mvc/me/report/tests/Card/BettingTest.php" line="17" assertions="3" time="0.002377"/>
        <testcase name="testBettingOKBet" class="App\Card\BettingTest" classname="App.Card.BettingTest" file="/home/sf/dbwebb-kurser/mvc/me/report/tests/Card/BettingTest.php" line="31" assertions="1" time="0.000326"/>
        <testcase name="testBettingSaveToSession" class="App\Card\BettingTest" classname="App.Card.BettingTest" file="/home/sf/dbwebb-kurser/mvc/me/report/tests/Card/BettingTest.php" line="47" assertions="1" time="0.009455"/>
        <testcase name="testBettingClearBet" class="App\Card\BettingTest" classname="App.Card.BettingTest" file="/home/sf/dbwebb-kurser/mvc/me/report/tests/Card/BettingTest.php" line="65" assertions="6" time="0.000397"/>
      </testsuite>
      <testsuite name="App\Card\CardTest" file="/home/sf/dbwebb-kurser/mvc/me/report/tests/Card/CardTest.php" tests="2" assertions="4" errors="0" warnings="0" failures="0" skipped="0" time="0.000930">
        <testcase name="testCreateObjectWithArguments" class="App\Card\CardTest" classname="App.Card.CardTest" file="/home/sf/dbwebb-kurser/mvc/me/report/tests/Card/CardTest.php" line="15" assertions="3" time="0.000624"/>
        <testcase name="testGetAsString" class="App\Card\CardTest" classname="App.Card.CardTest" file="/home/sf/dbwebb-kurser/mvc/me/report/tests/Card/CardTest.php" line="31" assertions="1" time="0.000306"/>
      </testsuite>
      <testsuite name="App\Card\DeckOfCardsTestTest" file="/home/sf/dbwebb-kurser/mvc/me/report/tests/Card/DeckOfCardsTest.php" tests="6" assertions="86" errors="0" warnings="0" failures="0" skipped="0" time="0.011100">
        <testcase name="testCreateObject" class="App\Card\DeckOfCardsTestTest" classname="App.Card.DeckOfCardsTestTest" file="/home/sf/dbwebb-kurser/mvc/me/report/tests/Card/DeckOfCardsTest.php" line="16" assertions="53" time="0.001371"/>
        <testcase name="testGetDeck" class="App\Card\DeckOfCardsTestTest" classname="App.Card.DeckOfCardsTestTest" file="/home/sf/dbwebb-kurser/mvc/me/report/tests/Card/DeckOfCardsTest.php" line="30" assertions="1" time="0.000402"/>
        <testcase name="testGetShuffledDeck" class="App\Card\DeckOfCardsTestTest" classname="App.Card.DeckOfCardsTestTest" file="/home/sf/dbwebb-kurser/mvc/me/report/tests/Card/DeckOfCardsTest.php" line="43" assertions="3" time="0.007211"/>
        <testcase name="testDrawCardReturnsCardAndCountDecrease" class="App\Card\DeckOfCardsTestTest" classname="App.Card.DeckOfCardsTestTest" file="/home/sf/dbwebb-kurser/mvc/me/report/tests/Card/DeckOfCardsTest.php" line="63" assertions="2" time="0.000431"/>
        <testcase name="testDrawCardEmptyDeck" class="App\Card\DeckOfCardsTestTest" classname="App.Card.DeckOfCardsTestTest" file="/home/sf/dbwebb-kurser/mvc/me/report/tests/Card/DeckOfCardsTest.php" line="81" assertions="1" time="0.000593"/>
        <testcase name="testGetNumberOfCardsNewDeck" class="App\Card\DeckOfCardsTestTest" classname="App.Card.DeckOfCardsTestTest" file="/home/sf/dbwebb-kurser/mvc/me/report/tests/Card/DeckOfCardsTest.php" line="98" assertions="26" time="0.001093"/>
      </testsuite>
      <testsuite name="App\Card\DeckWithJokersTest" file="/home/sf/dbwebb-kurser/mvc/me/report/tests/Card/DeckWithJokersTest.php" tests="1" assertions="2" errors="0" warnings="0" failures="0" skipped="0" time="0.000714">
        <testcase name="testDeckWithJokersCreate" class="App\Card\DeckWithJokersTest" classname="App.Card.DeckWithJokersTest" file="/home/sf/dbwebb-kurser/mvc/me/report/tests/Card/DeckWithJokersTest.php" line="15" assertions="2" time="0.000714"/>
      </testsuite>
      <testsuite name="App\Card\Game21GameOverTest" file="/home/sf/dbwebb-kurser/mvc/me/report/tests/Card/Game21GameOverTest.php" tests="7" assertions="17" errors="0" warnings="0" failures="0" skipped="0" time="0.026290">
        <testcase name="testGame21GameOverGenericWin" class="App\Card\Game21GameOverTest" classname="App.Card.Game21GameOverTest" file="/home/sf/dbwebb-kurser/mvc/me/report/tests/Card/Game21GameOverTest.php" line="38" assertions="4" time="0.019742"/>
        <testcase name="testGame21GameOverDumbWinBankHasHigherPoints" class="App\Card\Game21GameOverTest" classname="App.Card.Game21GameOverTest" file="/home/sf/dbwebb-kurser/mvc/me/report/tests/Card/Game21GameOverTest.php" line="99" assertions="2" time="0.001054"/>
        <testcase name="testGame21GameOverDumbWinPlayerHasHigherPoints" class="App\Card\Game21GameOverTest" classname="App.Card.Game21GameOverTest" file="/home/sf/dbwebb-kurser/mvc/me/report/tests/Card/Game21GameOverTest.php" line="132" assertions="2" time="0.001080"/>
        <testcase name="testGame21GameOverDumbWinDraw" class="App\Card\Game21GameOverTest" classname="App.Card.Game21GameOverTest" file="/home/sf/dbwebb-kurser/mvc/me/report/tests/Card/Game21GameOverTest.php" line="173" assertions="2" time="0.000961"/>
        <testcase name="testGame21GameOverDumbWinBankHasHigherPointsOrDraw" class="App\Card\Game21GameOverTest" classname="App.Card.Game21GameOverTest" file="/home/sf/dbwebb-kurser/mvc/me/report/tests/Card/Game21GameOverTest.php" line="214" assertions="2" time="0.001297"/>
        <testcase name="testGame21GameOverSmartWinRiskTooHigh" class="App\Card\Game21GameOverTest" classname="App.Card.Game21GameOverTest" file="/home/sf/dbwebb-kurser/mvc/me/report/tests/Card/Game21GameOverTest.php" line="247" assertions="2" time="0.001116"/>
        <testcase name="testGame21GameOverItsNotOver" class="App\Card\Game21GameOverTest" classname="App.Card.Game21GameOverTest" file="/home/sf/dbwebb-kurser/mvc/me/report/tests/Card/Game21GameOverTest.php" line="292" assertions="3" time="0.001039"/>
      </testsuite>
      <testsuite name="App\Card\Game21Test" file="/home/sf/dbwebb-kurser/mvc/me/report/tests/Card/Game21Test.php" tests="8" assertions="24" errors="0" warnings="0" failures="0" skipped="0" time="0.005527">
        <testcase name="testGame21Construct" class="App\Card\Game21Test" classname="App.Card.Game21Test" file="/home/sf/dbwebb-kurser/mvc/me/report/tests/Card/Game21Test.php" line="43" assertions="2" time="0.000571"/>
        <testcase name="testGame21SaveToSession" class="App\Card\Game21Test" classname="App.Card.Game21Test" file="/home/sf/dbwebb-kurser/mvc/me/report/tests/Card/Game21Test.php" line="58" assertions="1" time="0.000534"/>
        <testcase name="testGame21GetNewCard" class="App\Card\Game21Test" classname="App.Card.Game21Test" file="/home/sf/dbwebb-kurser/mvc/me/report/tests/Card/Game21Test.php" line="74" assertions="8" time="0.000646"/>
        <testcase name="testGame21GetNewCardWhenDeckIsEmpty" class="App\Card\Game21Test" classname="App.Card.Game21Test" file="/home/sf/dbwebb-kurser/mvc/me/report/tests/Card/Game21Test.php" line="102" assertions="1" time="0.000776"/>
        <testcase name="testGame21GetNewCardAndNowWithAnAce" class="App\Card\Game21Test" classname="App.Card.Game21Test" file="/home/sf/dbwebb-kurser/mvc/me/report/tests/Card/Game21Test.php" line="133" assertions="8" time="0.000942"/>
        <testcase name="testGame21CardsAsArray" class="App\Card\Game21Test" classname="App.Card.Game21Test" file="/home/sf/dbwebb-kurser/mvc/me/report/tests/Card/Game21Test.php" line="162" assertions="2" time="0.000718"/>
        <testcase name="testGame21GetFatProbabilityPlayer" class="App\Card\Game21Test" classname="App.Card.Game21Test" file="/home/sf/dbwebb-kurser/mvc/me/report/tests/Card/Game21Test.php" line="196" assertions="1" time="0.000781"/>
        <testcase name="testGame21GetDeckOfCards" class="App\Card\Game21Test" classname="App.Card.Game21Test" file="/home/sf/dbwebb-kurser/mvc/me/report/tests/Card/Game21Test.php" line="231" assertions="1" time="0.000560"/>
      </testsuite>
      <testsuite name="App\Card\PlayerTest" file="/home/sf/dbwebb-kurser/mvc/me/report/tests/Card/PlayerTest.php" tests="2" assertions="3" errors="0" warnings="0" failures="0" skipped="0" time="0.001084">
        <testcase name="testPlayerCreateAndGetName" class="App\Card\PlayerTest" classname="App.Card.PlayerTest" file="/home/sf/dbwebb-kurser/mvc/me/report/tests/Card/PlayerTest.php" line="16" assertions="2" time="0.000767"/>
        <testcase name="testPlayerGiveCardAndGetHand" class="App\Card\PlayerTest" classname="App.Card.PlayerTest" file="/home/sf/dbwebb-kurser/mvc/me/report/tests/Card/PlayerTest.php" line="30" assertions="1" time="0.000317"/>
      </testsuite>
      <testsuite name="App\Tests\Controller\LibraryControllerTest" file="/home/sf/dbwebb-kurser/mvc/me/report/tests/Controller/LibraryControllerTest.php" tests="1" assertions="1" errors="0" warnings="0" failures="0" skipped="0" time="2.919743">
        <testcase name="testIndex" class="App\Tests\Controller\LibraryControllerTest" classname="App.Tests.Controller.LibraryControllerTest" file="/home/sf/dbwebb-kurser/mvc/me/report/tests/Controller/LibraryControllerTest.php" line="9" assertions="1" time="2.919743"/>
      </testsuite>
      <testsuite name="App\Dice\DiceTest" file="/home/sf/dbwebb-kurser/mvc/me/report/tests/Dice/DiceTest.php" tests="1" assertions="2" errors="0" warnings="0" failures="0" skipped="0" time="0.000951">
        <testcase name="testCreateDice" class="App\Dice\DiceTest" classname="App.Dice.DiceTest" file="/home/sf/dbwebb-kurser/mvc/me/report/tests/Dice/DiceTest.php" line="16" assertions="2" time="0.000951"/>
      </testsuite>
    </testsuite>
  </testsuite>
</testsuites>
